[02:24:10] [ServerMain/INFO]: Environment: Environment[sessionHost=https://sessionserver.mojang.com, servicesHost=https://api.minecraftservices.com, name=PROD]
[02:24:11] [ServerMain/INFO]: Found new data pack file/bukkit, loading it automatically
[02:24:12] [ServerMain/INFO]: No existing world data, creating new world
[02:24:14] [ServerMain/INFO]: Loaded 1174 recipes
[02:24:14] [ServerMain/INFO]: Loaded 1271 advancements
[02:24:14] [Server thread/INFO]: Starting minecraft server version 1.20.4
[02:24:14] [Server thread/INFO]: Loading properties
[02:24:15] [Server thread/INFO]: This server is running Paper version git-Paper-497 (MC: 1.20.4) (Implementing API version 1.20.4-R0.1-SNAPSHOT) (Git: d8d54d9 on ver/1.20.4)
[02:24:16] [Server thread/INFO]: Server Ping Player Sample Count: 12
[02:24:16] [Server thread/INFO]: Using 4 threads for Netty based IO
[02:24:16] [Server thread/INFO]: [ChunkTaskScheduler] Chunk system is using 1 I/O threads, 1 worker threads, and gen parallelism of 1 threads
[02:24:16] [Server thread/WARN]: [!] The timings profiler has been enabled but has been scheduled for removal from Paper in the future.
    We recommend installing the spark profiler as a replacement: https://spark.lucko.me/
    For more information please visit: https://github.com/PaperMC/Paper/issues/8948
[02:24:17] [Server thread/INFO]: Default game type: SURVIVAL
[02:24:17] [Server thread/INFO]: Generating keypair
[02:24:17] [Server thread/INFO]: Starting Minecraft server on *:25565
[02:24:17] [Server thread/INFO]: Using epoll channel type
[02:24:17] [Server thread/INFO]: Paper: Using libdeflate (Linux x86_64) compression from Velocity.
[02:24:17] [Server thread/INFO]: Paper: Using OpenSSL 1.1.x (Linux x86_64) cipher from Velocity.
[02:24:17] [Server thread/INFO]: Preparing level "world"
[02:24:33] [Server thread/INFO]: Preparing start region for dimension minecraft:overworld
[02:24:33] [Server thread/INFO]: Time elapsed: 256 ms
[02:24:33] [Server thread/INFO]: Preparing start region for dimension minecraft:the_nether
[02:24:33] [Server thread/INFO]: Time elapsed: 207 ms
[02:24:33] [Server thread/INFO]: Preparing start region for dimension minecraft:the_end
[02:24:33] [Server thread/INFO]: Time elapsed: 75 ms
[02:24:33] [Server thread/INFO]: Running delayed init tasks
[02:24:33] [Server thread/INFO]: Done (18.849s)! For help, type "help"
[02:24:33] [Server thread/INFO]: *************************************************************************************
[02:24:33] [Server thread/INFO]: This is the first time you're starting this server.
[02:24:33] [Server thread/INFO]: It's recommended you read our 'Getting Started' documentation for guidance.
[02:24:33] [Server thread/INFO]: View this and more helpful information here: https://docs.papermc.io/paper/next-steps
[02:24:33] [Server thread/INFO]: *************************************************************************************
[02:24:33] [Server thread/INFO]: Timings Reset
[02:25:05] [Server thread/INFO]: Stopping the server
[02:25:05] [Server thread/INFO]: Stopping server
[02:25:05] [Server thread/INFO]: Saving players
[02:25:05] [Server thread/INFO]: Saving worlds
[02:25:05] [Server thread/INFO]: Saving chunks for level 'ServerLevel[world]'/minecraft:overworld
[02:25:05] [Server thread/INFO]: [ChunkHolderManager] Waiting 60s for chunk system to halt for world 'world'
[02:25:05] [Server thread/INFO]: [ChunkHolderManager] Halted chunk system for world 'world'
[02:25:05] [Server thread/INFO]: [ChunkHolderManager] Saving all chunkholders for world 'world'
[02:25:08] [Server thread/INFO]: [ChunkHolderManager] Saved 1661 block chunks, 1 entity chunks, 0 poi chunks in world 'world' in 3.27s
[02:25:08] [Server thread/INFO]: ThreadedAnvilChunkStorage (world): All chunks are saved
[02:25:08] [Server thread/INFO]: Saving chunks for level 'ServerLevel[world_nether]'/minecraft:the_nether
[02:25:08] [Server thread/INFO]: [ChunkHolderManager] Waiting 60s for chunk system to halt for world 'world_nether'
[02:25:08] [Server thread/INFO]: [ChunkHolderManager] Halted chunk system for world 'world_nether'
[02:25:08] [Server thread/INFO]: [ChunkHolderManager] Saving all chunkholders for world 'world_nether'
[02:25:10] [Server thread/INFO]: [ChunkHolderManager] Saved 1849 block chunks, 1 entity chunks, 0 poi chunks in world 'world_nether' in 1.69s
[02:25:10] [Server thread/INFO]: ThreadedAnvilChunkStorage (DIM-1): All chunks are saved
[02:25:10] [Server thread/INFO]: Saving chunks for level 'ServerLevel[world_the_end]'/minecraft:the_end
[02:25:10] [Server thread/INFO]: [ChunkHolderManager] Waiting 60s for chunk system to halt for world 'world_the_end'
[02:25:10] [Server thread/INFO]: [ChunkHolderManager] Halted chunk system for world 'world_the_end'
[02:25:10] [Server thread/INFO]: [ChunkHolderManager] Saving all chunkholders for world 'world_the_end'
[02:25:11] [Server thread/INFO]: [ChunkHolderManager] Saved 2025 block chunks, 529 entity chunks, 0 poi chunks in world 'world_the_end' in 0.96s
[02:25:11] [Server thread/INFO]: ThreadedAnvilChunkStorage (DIM1): All chunks are saved
[02:25:11] [Server thread/INFO]: ThreadedAnvilChunkStorage: All dimensions are saved
[02:25:11] [Server thread/INFO]: Flushing Chunk IO
[02:25:11] [Server thread/INFO]: Closing Thread Pool
[02:25:11] [Server thread/INFO]: Closing Server
